# JRE version: OpenJDK Runtime Environment (8.0_242-b01) (build 1.8.0_242-release-1644-b01)
# Java VM: OpenJDK 64-Bit Server VM (25.242-b01 mixed mode windows-amd64 compressed oops)
Heap:
 PSYoungGen      total 573440K, used 50101K [0x00000000d5580000, 0x00000000ff480000, 0x0000000100000000)
  eden space 475136K, 10% used [0x00000000d5580000,0x00000000d866d490,0x00000000f2580000)
  from space 98304K, 0% used [0x00000000f9480000,0x00000000f9480000,0x00000000ff480000)
  to   space 105984K, 0% used [0x00000000f2580000,0x00000000f2580000,0x00000000f8d00000)
 ParOldGen       total 320512K, used 131728K [0x0000000080000000, 0x0000000093900000, 0x00000000d5580000)
  object space 320512K, 41% used [0x0000000080000000,0x00000000880a4088,0x0000000093900000)
 Metaspace       used 136558K, capacity 147406K, committed 148864K, reserved 1177600K
  class space    used 17734K, capacity 19839K, committed 20352K, reserved 1048576K
GC Heap History (10 events):
Event: 1333.297 GC heap before
{Heap before GC invocations=37 (full 4):
 PSYoungGen      total 584704K, used 483340K [0x00000000d5580000, 0x00000000ff880000, 0x0000000100000000)
  eden space 476160K, 100% used [0x00000000d5580000,0x00000000f2680000,0x00000000f2680000)
  from space 108544K, 6% used [0x00000000f8e00000,0x00000000f95033d0,0x00000000ff800000)
  to   space 105984K, 0% used [0x00000000f2680000,0x00000000f2680000,0x00000000f8e00000)
 ParOldGen       total 320512K, used 273423K [0x0000000080000000, 0x0000000093900000, 0x00000000d5580000)
  object space 320512K, 85% used [0x0000000080000000,0x0000000090b03ce0,0x0000000093900000)
 Metaspace       used 126950K, capacity 138370K, committed 138496K, reserved 1169408K
  class space    used 16577K, capacity 18826K, committed 18944K, reserved 1048576K
Event: 1333.322 GC heap after
Heap after GC invocations=37 (full 4):
 PSYoungGen      total 582144K, used 14704K [0x00000000d5580000, 0x00000000ff480000, 0x0000000100000000)
  eden space 476160K, 0% used [0x00000000d5580000,0x00000000d5580000,0x00000000f2680000)
  from space 105984K, 13% used [0x00000000f2680000,0x00000000f34dc350,0x00000000f8e00000)
  to   space 101376K, 0% used [0x00000000f9180000,0x00000000f9180000,0x00000000ff480000)
 ParOldGen       total 320512K, used 279419K [0x0000000080000000, 0x0000000093900000, 0x00000000d5580000)
  object space 320512K, 87% used [0x0000000080000000,0x00000000910dee58,0x0000000093900000)
 Metaspace       used 126950K, capacity 138370K, committed 138496K, reserved 1169408K
  class space    used 16577K, capacity 18826K, committed 18944K, reserved 1048576K
}
Event: 1336.553 GC heap before
{Heap before GC invocations=38 (full 4):
 PSYoungGen      total 582144K, used 490864K [0x00000000d5580000, 0x00000000ff480000, 0x0000000100000000)
  eden space 476160K, 100% used [0x00000000d5580000,0x00000000f2680000,0x00000000f2680000)
  from space 105984K, 13% used [0x00000000f2680000,0x00000000f34dc350,0x00000000f8e00000)
  to   space 101376K, 0% used [0x00000000f9180000,0x00000000f9180000,0x00000000ff480000)
 ParOldGen       total 320512K, used 279419K [0x0000000080000000, 0x0000000093900000, 0x00000000d5580000)
  object space 320512K, 87% used [0x0000000080000000,0x00000000910dee58,0x0000000093900000)
 Metaspace       used 127909K, capacity 139426K, committed 139520K, reserved 1169408K
  class space    used 16672K, capacity 18940K, committed 18944K, reserved 1048576K
Event: 1336.745 GC heap after
Heap after GC invocations=38 (full 4):
 PSYoungGen      total 572928K, used 82616K [0x00000000d5580000, 0x0000000100000000, 0x0000000100000000)
  eden space 471552K, 0% used [0x00000000d5580000,0x00000000d5580000,0x00000000f2200000)
  from space 101376K, 81% used [0x00000000f9180000,0x00000000fe22e1e8,0x00000000ff480000)
  to   space 113664K, 0% used [0x00000000f2200000,0x00000000f2200000,0x00000000f9100000)
 ParOldGen       total 320512K, used 286501K [0x0000000080000000, 0x0000000093900000, 0x00000000d5580000)
  object space 320512K, 89% used [0x0000000080000000,0x00000000917c96c8,0x0000000093900000)
 Metaspace       used 127909K, capacity 139426K, committed 139520K, reserved 1169408K
  class space    used 16672K, capacity 18940K, committed 18944K, reserved 1048576K
}
Event: 1359.768 GC heap before
{Heap before GC invocations=39 (full 4):
 PSYoungGen      total 572928K, used 554168K [0x00000000d5580000, 0x0000000100000000, 0x0000000100000000)
  eden space 471552K, 100% used [0x00000000d5580000,0x00000000f2200000,0x00000000f2200000)
  from space 101376K, 81% used [0x00000000f9180000,0x00000000fe22e1e8,0x00000000ff480000)
  to   space 113664K, 0% used [0x00000000f2200000,0x00000000f2200000,0x00000000f9100000)
 ParOldGen       total 320512K, used 286501K [0x0000000080000000, 0x0000000093900000, 0x00000000d5580000)
  object space 320512K, 89% used [0x0000000080000000,0x00000000917c96c8,0x0000000093900000)
 Metaspace       used 135627K, capacity 147474K, committed 147584K, reserved 1177600K
  class space    used 17707K, capacity 20047K, committed 20096K, reserved 1048576K
Event: 1359.792 GC heap after
Heap after GC invocations=39 (full 4):
 PSYoungGen      total 585216K, used 11257K [0x00000000d5580000, 0x0000000100000000, 0x0000000100000000)
  eden space 471552K, 0% used [0x00000000d5580000,0x00000000d5580000,0x00000000f2200000)
  from space 113664K, 9% used [0x00000000f2200000,0x00000000f2cfe4e8,0x00000000f9100000)
  to   space 110080K, 0% used [0x00000000f9480000,0x00000000f9480000,0x0000000100000000)
 ParOldGen       total 320512K, used 288861K [0x0000000080000000, 0x0000000093900000, 0x00000000d5580000)
  object space 320512K, 90% used [0x0000000080000000,0x0000000091a176b8,0x0000000093900000)
 Metaspace       used 135627K, capacity 147474K, committed 147584K, reserved 1177600K
  class space    used 17707K, capacity 20047K, committed 20096K, reserved 1048576K
}
Event: 1362.566 GC heap before
{Heap before GC invocations=40 (full 4):
 PSYoungGen      total 585216K, used 477404K [0x00000000d5580000, 0x0000000100000000, 0x0000000100000000)
  eden space 471552K, 98% used [0x00000000d5580000,0x00000000f1cb8c50,0x00000000f2200000)
  from space 113664K, 9% used [0x00000000f2200000,0x00000000f2cfe4e8,0x00000000f9100000)
  to   space 110080K, 0% used [0x00000000f9480000,0x00000000f9480000,0x0000000100000000)
 ParOldGen       total 320512K, used 288861K [0x0000000080000000, 0x0000000093900000, 0x00000000d5580000)
  object space 320512K, 90% used [0x0000000080000000,0x0000000091a176b8,0x0000000093900000)
 Metaspace       used 136726K, capacity 148696K, committed 148864K, reserved 1177600K
  class space    used 17858K, capacity 20246K, committed 20352K, reserved 1048576K
Event: 1362.580 GC heap after
Heap after GC invocations=40 (full 4):
 PSYoungGen      total 573440K, used 12074K [0x00000000d5580000, 0x00000000ff480000, 0x0000000100000000)
  eden space 475136K, 0% used [0x00000000d5580000,0x00000000d5580000,0x00000000f2580000)
  from space 98304K, 12% used [0x00000000f9480000,0x00000000fa04a988,0x00000000ff480000)
  to   space 105984K, 0% used [0x00000000f2580000,0x00000000f2580000,0x00000000f8d00000)
 ParOldGen       total 320512K, used 293456K [0x0000000080000000, 0x0000000093900000, 0x00000000d5580000)
  object space 320512K, 91% used [0x0000000080000000,0x0000000091e94158,0x0000000093900000)
 Metaspace       used 136726K, capacity 148696K, committed 148864K, reserved 1177600K
  class space    used 17858K, capacity 20246K, committed 20352K, reserved 1048576K
}
Event: 1362.581 GC heap before
{Heap before GC invocations=41 (full 5):
 PSYoungGen      total 573440K, used 12074K [0x00000000d5580000, 0x00000000ff480000, 0x0000000100000000)
  eden space 475136K, 0% used [0x00000000d5580000,0x00000000d5580000,0x00000000f2580000)
  from space 98304K, 12% used [0x00000000f9480000,0x00000000fa04a988,0x00000000ff480000)
  to   space 105984K, 0% used [0x00000000f2580000,0x00000000f2580000,0x00000000f8d00000)
 ParOldGen       total 320512K, used 293456K [0x0000000080000000, 0x0000000093900000, 0x00000000d5580000)
  object space 320512K, 91% used [0x0000000080000000,0x0000000091e94158,0x0000000093900000)
 Metaspace       used 136726K, capacity 148696K, committed 148864K, reserved 1177600K
  class space    used 17858K, capacity 20246K, committed 20352K, reserved 1048576K
Event: 1362.852 GC heap after
Heap after GC invocations=41 (full 5):
 PSYoungGen      total 573440K, used 0K [0x00000000d5580000, 0x00000000ff480000, 0x0000000100000000)
  eden space 475136K, 0% used [0x00000000d5580000,0x00000000d5580000,0x00000000f2580000)
  from space 98304K, 0% used [0x00000000f9480000,0x00000000f9480000,0x00000000ff480000)
  to   space 105984K, 0% used [0x00000000f2580000,0x00000000f2580000,0x00000000f8d00000)
 ParOldGen       total 320512K, used 131728K [0x0000000080000000, 0x0000000093900000, 0x00000000d5580000)
  object space 320512K, 41% used [0x0000000080000000,0x00000000880a4088,0x0000000093900000)
 Metaspace       used 136176K, capacity 147016K, committed 148864K, reserved 1177600K
  class space    used 17682K, capacity 19800K, committed 20352K, reserved 1048576K
}

